<?xml version="1.0" encoding="UTF-8"?>
<!-- Generated by org.testng.reporters.JUnitXMLReporter -->
<testsuite hostname="Nikolas-MacBook-Pro.local" failures="0" tests="3" name="Surefire test" time="22.119" errors="0" timestamp="15 Sep 2022 10:25:03 GMT">
  <testcase classname="tests.cartTest" name="addAndRemoveCart" time="7.685"/>
  <testcase classname="tests.loginTest" name="validLogin" time="5.832"/>
  <testcase classname="tests.loginTest" name="wrongCredentialsLogin" time="4.251"/>
</testsuite> <!-- Surefire test -->
