<?xml version="1.0" encoding="UTF-8"?>
<testsuite xmlns:xsi="http://www.w3.org/2001/XMLSchema-instance" xsi:noNamespaceSchemaLocation="https://maven.apache.org/surefire/maven-surefire-plugin/xsd/surefire-test-report.xsd" name="TestSuite" time="22.363" tests="3" errors="0" skipped="0" failures="0">
  <properties>
[...]
</properties>
  <testcase name="addAndRemoveFromCart" classname="tests.cartTest" time="7.984"/>
  <testcase name="validLogin" classname="tests.loginTest" time="5.106"/>
  <testcase name="wrongCredentialsLogin" classname="tests.loginTest" time="3.546"/>
</testsuite>