<?xml version="1.0" encoding="UTF-8"?>
<testng-results total="3" passed="3" failed="0" skipped="0">
  <reporter-output>
  </reporter-output>
  <suite started-at="2022-09-15T11:54:15Z" name="All Test Suite" finished-at="2022-09-15T11:54:36Z" duration-ms="20660">
    <groups>
    </groups>
    <test started-at="2022-09-15T11:54:15Z" name="/Users/dzoniiisd/QAtive-Course/AutomationPractice" finished-at="2022-09-15T11:54:36Z" duration-ms="20660">
      <class name="tests.cartTest">
        <test-method is-config="true" signature="setup()[pri:0, instance:tests.cartTest@2b46a8c1]" started-at="2022-09-15T13:54:15Z" name="setup" finished-at="2022-09-15T13:54:18Z" duration-ms="2338" status="PASS">
          <reporter-output>
          </reporter-output>
        </test-method> <!-- setup -->
        <test-method signature="addAndRemoveFromCart()[pri:0, instance:tests.cartTest@2b46a8c1]" started-at="2022-09-15T13:54:18Z" name="addAndRemoveFromCart" description="Adds Item to Cart and then Removes it " finished-at="2022-09-15T13:54:26Z" duration-ms="7964" status="PASS">
          <reporter-output>
          </reporter-output>
        </test-method> <!-- addAndRemoveFromCart -->
        <test-method is-config="true" signature="tearDown()[pri:0, instance:tests.cartTest@2b46a8c1]" started-at="2022-09-15T13:54:26Z" name="tearDown" finished-at="2022-09-15T13:54:26Z" duration-ms="77" status="PASS">
          <reporter-output>
          </reporter-output>
        </test-method> <!-- tearDown -->
      </class> <!-- tests.cartTest -->
      <class name="tests.loginTest">
        <test-method is-config="true" signature="setup()[pri:0, instance:tests.loginTest@52eacb4b]" started-at="2022-09-15T13:54:26Z" name="setup" finished-at="2022-09-15T13:54:27Z" duration-ms="691" status="PASS">
          <reporter-output>
          </reporter-output>
        </test-method> <!-- setup -->
        <test-method signature="validLogin()[pri:0, instance:tests.loginTest@52eacb4b]" started-at="2022-09-15T13:54:27Z" name="validLogin" finished-at="2022-09-15T13:54:32Z" duration-ms="5105" status="PASS">
          <reporter-output>
          </reporter-output>
        </test-method> <!-- validLogin -->
        <test-method is-config="true" signature="tearDown()[pri:0, instance:tests.loginTest@52eacb4b]" started-at="2022-09-15T13:54:32Z" name="tearDown" finished-at="2022-09-15T13:54:32Z" duration-ms="78" status="PASS">
          <reporter-output>
          </reporter-output>
        </test-method> <!-- tearDown -->
        <test-method is-config="true" signature="setup()[pri:0, instance:tests.loginTest@52eacb4b]" started-at="2022-09-15T13:54:32Z" name="setup" finished-at="2022-09-15T13:54:32Z" duration-ms="677" status="PASS">
          <reporter-output>
          </reporter-output>
        </test-method> <!-- setup -->
        <test-method signature="wrongCredentialsLogin()[pri:0, instance:tests.loginTest@52eacb4b]" started-at="2022-09-15T13:54:32Z" name="wrongCredentialsLogin" finished-at="2022-09-15T13:54:36Z" duration-ms="3547" status="PASS">
          <reporter-output>
          </reporter-output>
        </test-method> <!-- wrongCredentialsLogin -->
        <test-method is-config="true" signature="tearDown()[pri:0, instance:tests.loginTest@52eacb4b]" started-at="2022-09-15T13:54:36Z" name="tearDown" finished-at="2022-09-15T13:54:36Z" duration-ms="75" status="PASS">
          <reporter-output>
          </reporter-output>
        </test-method> <!-- tearDown -->
      </class> <!-- tests.loginTest -->
    </test> <!-- /Users/dzoniiisd/QAtive-Course/AutomationPractice -->
  </suite> <!-- All Test Suite -->
</testng-results>
