<?xml version="1.0" encoding="UTF-8"?>
<!-- Generated by org.testng.reporters.JUnitXMLReporter -->
<testsuite hostname="Nikolas-MacBook-Pro.local" failures="0" tests="3" name="/Users/dzoniiisd/QAtive-Course/AutomationPractice" time="20.66" errors="0" timestamp="15 Sep 2022 11:54:36 GMT">
  <testcase classname="tests.cartTest" name="addAndRemoveFromCart" time="7.964"/>
  <testcase classname="tests.loginTest" name="validLogin" time="5.105"/>
  <testcase classname="tests.loginTest" name="wrongCredentialsLogin" time="3.547"/>
</testsuite> <!-- /Users/dzoniiisd/QAtive-Course/AutomationPractice -->
